2020-05-16 11:33:41.972  INFO 17032 --- [main] c.e.wegomarket.WegomarketApplication     : Starting WegomarketApplication on LAPTOP-NGJ0BRPI with PID 17032 (C:\Users\Meleny\IdeaProjects\wegomarket\target\classes started by Meleny in C:\Users\Meleny\IdeaProjects\wegomarket)
2020-05-16 11:33:41.987  INFO 17032 --- [main] c.e.wegomarket.WegomarketApplication     : No active profile set, falling back to default profiles: default
2020-05-16 11:33:42.841  INFO 17032 --- [main] .s.d.r.c.RepositoryConfigurationDelegate : Bootstrapping Spring Data repositories in DEFAULT mode.
2020-05-16 11:33:42.928  INFO 17032 --- [main] .s.d.r.c.RepositoryConfigurationDelegate : Finished Spring Data repository scanning in 77ms. Found 4 repository interfaces.
2020-05-16 11:33:43.180  INFO 17032 --- [main] trationDelegate$BeanPostProcessorChecker : Bean 'org.springframework.transaction.annotation.ProxyTransactionManagementConfiguration' of type [org.springframework.transaction.annotation.ProxyTransactionManagementConfiguration] is not eligible for getting processed by all BeanPostProcessors (for example: not eligible for auto-proxying)
2020-05-16 11:33:43.413  INFO 17032 --- [main] o.s.b.w.embedded.tomcat.TomcatWebServer  : Tomcat initialized with port(s): 8080 (http)
2020-05-16 11:33:43.413  INFO 17032 --- [main] o.apache.catalina.core.StandardService   : Starting service [Tomcat]
2020-05-16 11:33:43.413  INFO 17032 --- [main] org.apache.catalina.core.StandardEngine  : Starting Servlet engine: [Apache Tomcat/9.0.27]
2020-05-16 11:33:43.565  INFO 17032 --- [main] o.a.c.c.C.[Tomcat].[localhost].[/]       : Initializing Spring embedded WebApplicationContext
2020-05-16 11:33:43.565  INFO 17032 --- [main] o.s.web.context.ContextLoader            : Root WebApplicationContext: initialization completed in 1504 ms
2020-05-16 11:33:43.706  INFO 17032 --- [main] o.hibernate.jpa.internal.util.LogHelper  : HHH000204: Processing PersistenceUnitInfo [name: default]
2020-05-16 11:33:43.787  INFO 17032 --- [main] org.hibernate.Version                    : HHH000412: Hibernate Core {5.4.8.Final}
2020-05-16 11:33:43.919  INFO 17032 --- [main] o.hibernate.annotations.common.Version   : HCANN000001: Hibernate Commons Annotations {5.1.0.Final}
2020-05-16 11:33:44.025  INFO 17032 --- [main] com.zaxxer.hikari.HikariDataSource       : HikariPool-1 - Starting...
2020-05-16 11:33:44.410  INFO 17032 --- [main] com.zaxxer.hikari.HikariDataSource       : HikariPool-1 - Start completed.
2020-05-16 11:33:44.426  INFO 17032 --- [main] org.hibernate.dialect.Dialect            : HHH000400: Using dialect: org.hibernate.dialect.MySQL5InnoDBDialect
2020-05-16 11:33:45.116  INFO 17032 --- [main] o.h.e.t.j.p.i.JtaPlatformInitiator       : HHH000490: Using JtaPlatform implementation: [org.hibernate.engine.transaction.jta.platform.internal.NoJtaPlatform]
2020-05-16 11:33:45.116  INFO 17032 --- [main] j.LocalContainerEntityManagerFactoryBean : Initialized JPA EntityManagerFactory for persistence unit 'default'
2020-05-16 11:33:45.496  WARN 17032 --- [main] JpaBaseConfiguration$JpaWebConfiguration : spring.jpa.open-in-view is enabled by default. Therefore, database queries may be performed during view rendering. Explicitly configure spring.jpa.open-in-view to disable this warning
2020-05-16 11:33:45.582  INFO 17032 --- [main] o.s.s.concurrent.ThreadPoolTaskExecutor  : Initializing ExecutorService 'applicationTaskExecutor'
2020-05-16 11:33:45.804  INFO 17032 --- [main] o.s.b.w.embedded.tomcat.TomcatWebServer  : Tomcat started on port(s): 8080 (http) with context path ''
2020-05-16 11:33:45.805  INFO 17032 --- [main] c.e.wegomarket.WegomarketApplication     : Started WegomarketApplication in 4.301 seconds (JVM running for 5.53)
2020-05-16 11:34:52.123  INFO 17032 --- [http-nio-8080-exec-1] o.a.c.c.C.[Tomcat].[localhost].[/]       : Initializing Spring DispatcherServlet 'dispatcherServlet'
2020-05-16 11:34:52.124  INFO 17032 --- [http-nio-8080-exec-1] o.s.web.servlet.DispatcherServlet        : Initializing Servlet 'dispatcherServlet'
2020-05-16 11:34:52.130  INFO 17032 --- [http-nio-8080-exec-1] o.s.web.servlet.DispatcherServlet        : Completed initialization in 6 ms
2020-05-16 11:35:16.297  INFO 17032 --- [http-nio-8080-exec-9] com.example.wegomarket.model.User        : A new user register: 1
2020-05-16 11:35:16.581  WARN 17032 --- [http-nio-8080-exec-9] o.a.c.util.SessionIdGeneratorBase        : Creation of SecureRandom instance for session ID generation using [SHA1PRNG] took [273] milliseconds.
